[+] Containers:
 |- [+] Container: /Game/AnomalyBox/Levels/Level1
 |   |- [+] ActorDescs:
 |   |   |- Guid:09E6BFEE4AC61033FAA23F89C2FE3AF0 BaseClass: NativeClass:/Script/Engine.StaticMeshActor Name:StaticMeshActor_UAID_7C10C9431B66E2EE01_1506960267 Label:SM_Cube16 SpatiallyLoaded:1 Bounds:IsValid=true, Min=(X=-2610.000 Y=-5970.000 Z=0.000), Max=(X=-2510.000 Y=-2970.000 Z=3000.000) RuntimeGrid:None EditorOnly:0 RuntimeOnly:0 HLODRelevant:1 ListedInSceneOutliner:1 IsMainWorldOnly:0 FolderPath:Level FolderGuid:D1A9EAE64E998BA468F788B16C6D78B0
 |   |   |- Guid:0D7547B9498B6C71FA822C8B06888978 BaseClass: NativeClass:/Script/Engine.PlayerStart Name:PlayerStart_0 Label:PlayerStart SpatiallyLoaded:0 Bounds:IsValid=true, Min=(X=-1140.000 Y=-5140.000 Z=1110.013), Max=(X=-1060.000 Y=-5060.000 Z=1294.013) RuntimeGrid:None EditorOnly:0 RuntimeOnly:0 HLODRelevant:0 ListedInSceneOutliner:1 IsMainWorldOnly:0
 |   |   |- Guid:1E8401734CB3EFCC008389A002F5C2D0 BaseClass: NativeClass:/Script/Engine.StaticMeshActor Name:StaticMeshActor_UAID_7C10C9431B66E3EE01_1670997450 Label:SM_Cube20 SpatiallyLoaded:1 Bounds:IsValid=true, Min=(X=-1390.000 Y=-4330.000 Z=1390.000), Max=(X=-815.000 Y=-3630.000 Z=1490.000) RuntimeGrid:None EditorOnly:0 RuntimeOnly:0 HLODRelevant:1 ListedInSceneOutliner:1 IsMainWorldOnly:0 FolderPath:Level FolderGuid:D1A9EAE64E998BA468F788B16C6D78B0
 |   |   |- Guid:2230DFCB4B8C1958F55B4688C8D06752 BaseClass: NativeClass:/Script/Engine.StaticMeshActor Name:StaticMeshActor_UAID_7C10C9431B66E2EE01_1674392270 Label:SM_Cube19 SpatiallyLoaded:1 Bounds:IsValid=true, Min=(X=-2510.000 Y=-5970.005 Z=3000.000), Max=(X=490.000 Y=-2970.005 Z=3100.000) RuntimeGrid:None EditorOnly:0 RuntimeOnly:0 HLODRelevant:1 ListedInSceneOutliner:1 IsMainWorldOnly:0 FolderPath:Level FolderGuid:D1A9EAE64E998BA468F788B16C6D78B0
 |   |   |- Guid:26B5617F429AB9852D2105869A9DFB9A BaseClass: NativeClass:/Script/Engine.StaticMeshActor Name:StaticMeshActor_UAID_7C10C9431B66E2EE01_1561833268 Label:SM_Cube17 SpatiallyLoaded:1 Bounds:IsValid=true, Min=(X=-2510.000 Y=-6070.005 Z=0.000), Max=(X=490.000 Y=-5970.005 Z=3000.000) RuntimeGrid:None EditorOnly:0 RuntimeOnly:0 HLODRelevant:1 ListedInSceneOutliner:1 IsMainWorldOnly:0 FolderPath:Level FolderGuid:D1A9EAE64E998BA468F788B16C6D78B0
 |   |   |- Guid:3022C133484558D357C030B4212E80BC BaseClass:/Game/AnomalyBox/Blueprints/BP_PortalVisual.BP_PortalVisual_C NativeClass:/Script/Engine.StaticMeshActor Name:BP_PortalVisual_C_UAID_7C10C9431B66E6EE01_1404186983 Label:BP_PortalVisual SpatiallyLoaded:1 Bounds:IsValid=true, Min=(X=-2487.500 Y=-5907.500 Z=20.000), Max=(X=487.500 Y=-2932.500 Z=20.000) RuntimeGrid:None EditorOnly:0 RuntimeOnly:0 HLODRelevant:0 ListedInSceneOutliner:1 IsMainWorldOnly:0 FolderPath:Level FolderGuid:D1A9EAE64E998BA468F788B16C6D78B0
 |   |   |- Guid:47518B8C416E35A125925FACF2891DDF BaseClass:/Game/AnomalyBox/Blueprints/BP_Portal.BP_Portal_C NativeClass:/Script/Engine.StaticMeshActor Name:BP_Portal_C_UAID_7C10C9431B66E2EE01_1962977273 Label:BP_Portal SpatiallyLoaded:1 Bounds:IsValid=true, Min=(X=-2510.000 Y=-5970.005 Z=-100.000), Max=(X=490.000 Y=-2970.005 Z=0.000) RuntimeGrid:None EditorOnly:0 RuntimeOnly:0 HLODRelevant:1 ListedInSceneOutliner:1 IsMainWorldOnly:0 FolderPath:Level FolderGuid:D1A9EAE64E998BA468F788B16C6D78B0
 |   |   |- Guid:65F595024485D509A60D22ABD43AEAD8 BaseClass: NativeClass:/Script/Engine.SkyLight Name:SkyLight_1 Label:SkyLight SpatiallyLoaded:0 Bounds:IsValid=true, Min=(X=0.000 Y=0.000 Z=690.000), Max=(X=0.000 Y=0.000 Z=690.000) RuntimeGrid:None EditorOnly:0 RuntimeOnly:0 HLODRelevant:0 ListedInSceneOutliner:1 IsMainWorldOnly:0 FolderPath:Lighting FolderGuid:963EC3EB4002CCE9759E2EBA541A873A
 |   |   |- Guid:7773F69F4E8A8D577B6FA291714EA044 BaseClass: NativeClass:/Script/Engine.WorldDataLayers Name:WorldDataLayers Label:WorldDataLayers SpatiallyLoaded:0 Bounds:Invalid RuntimeGrid:None EditorOnly:0 RuntimeOnly:0 HLODRelevant:0 ListedInSceneOutliner:1 IsMainWorldOnly:1
 |   |   |- Guid:84AACA59472EDF54CA95DD97CE7D7BB4 BaseClass: NativeClass:/Script/Engine.StaticMeshActor Name:StaticMeshActor_UAID_7C10C9431B66E2EE01_1561834269 Label:SM_Cube18 SpatiallyLoaded:1 Bounds:IsValid=true, Min=(X=490.000 Y=-5970.005 Z=0.000), Max=(X=590.000 Y=-2970.005 Z=3000.000) RuntimeGrid:None EditorOnly:0 RuntimeOnly:0 HLODRelevant:1 ListedInSceneOutliner:1 IsMainWorldOnly:0 FolderPath:Level FolderGuid:D1A9EAE64E998BA468F788B16C6D78B0
 |   |   |- Guid:86D6A72742EBE097D5C712A71BD8290C BaseClass: NativeClass:/Script/Engine.PointLight Name:PointLight_UAID_7C10C9431B66E2EE01_1776317272 Label:PointLight SpatiallyLoaded:1 Bounds:IsValid=true, Min=(X=-17374.000 Y=-20904.000 Z=-14574.000), Max=(X=15394.000 Y=11864.000 Z=18194.000) RuntimeGrid:None EditorOnly:0 RuntimeOnly:0 HLODRelevant:0 ListedInSceneOutliner:1 IsMainWorldOnly:0
 |   |   |- Guid:8B03A1ED4AB5467808E57585426D1030 BaseClass: NativeClass:/Script/Engine.ExponentialHeightFog Name:ExponentialHeightFog_0 Label:ExponentialHeightFog SpatiallyLoaded:0 Bounds:IsValid=true, Min=(X=-5600.000 Y=-50.000 Z=-6850.000), Max=(X=-5600.000 Y=-50.000 Z=-6850.000) RuntimeGrid:None EditorOnly:0 RuntimeOnly:0 HLODRelevant:0 ListedInSceneOutliner:1 IsMainWorldOnly:0 FolderPath:Lighting FolderGuid:963EC3EB4002CCE9759E2EBA541A873A
 |   |   |- Guid:919740D943493812635346A66AB7AF2B BaseClass: NativeClass:/Script/Engine.PostProcessVolume Name:PostProcessVolume_0 Label:PostProcessVolume SpatiallyLoaded:0 Bounds:IsValid=true, Min=(X=0.000 Y=0.000 Z=400.000), Max=(X=200.000 Y=200.000 Z=600.000) RuntimeGrid:None EditorOnly:0 RuntimeOnly:0 HLODRelevant:0 ListedInSceneOutliner:1 IsMainWorldOnly:0 FolderPath:Lighting FolderGuid:963EC3EB4002CCE9759E2EBA541A873A
 |   |   |- Guid:9ECA49E546DB0CA765197892208DA1C8 BaseClass: NativeClass:/Script/Engine.SkyAtmosphere Name:SkyAtmosphere_0 Label:SkyAtmosphere SpatiallyLoaded:0 Bounds:IsValid=true, Min=(X=0.000 Y=0.000 Z=1020.000), Max=(X=0.000 Y=0.000 Z=1020.000) RuntimeGrid:None EditorOnly:0 RuntimeOnly:0 HLODRelevant:0 ListedInSceneOutliner:1 IsMainWorldOnly:0 FolderPath:Lighting FolderGuid:963EC3EB4002CCE9759E2EBA541A873A
 |   |   |- Guid:ACF9FCD44B2EDF34C86CAA8BC8C94B99 BaseClass: NativeClass:/Script/Engine.StaticMeshActor Name:StaticMeshActor_UAID_7C10C9431B66E2EE01_1296921264 Label:SM_Cube14 SpatiallyLoaded:1 Bounds:IsValid=true, Min=(X=-1390.000 Y=-5430.000 Z=990.000), Max=(X=-815.000 Y=-4730.000 Z=1090.000) RuntimeGrid:None EditorOnly:0 RuntimeOnly:0 HLODRelevant:1 ListedInSceneOutliner:1 IsMainWorldOnly:0 FolderPath:Level FolderGuid:D1A9EAE64E998BA468F788B16C6D78B0
 |   |   |- Guid:C7DA820F4213F477A64082BED0823DEB BaseClass: NativeClass:/Script/Engine.VolumetricCloud Name:VolumetricCloud_0 Label:VolumetricCloud SpatiallyLoaded:0 Bounds:IsValid=true, Min=(X=0.000 Y=0.000 Z=820.000), Max=(X=0.000 Y=0.000 Z=820.000) RuntimeGrid:None EditorOnly:0 RuntimeOnly:0 HLODRelevant:0 ListedInSceneOutliner:1 IsMainWorldOnly:0 FolderPath:Lighting FolderGuid:963EC3EB4002CCE9759E2EBA541A873A
 |   |   |- Guid:CC93032C4A5DD3FD0F6E91B0BE5F0252 BaseClass:/Game/AnomalyBox/Blueprints/BP_PortalVisual.BP_PortalVisual_C NativeClass:/Script/Engine.StaticMeshActor Name:BP_PortalVisual_C_UAID_7C10C9431B66E6EE01_1526966984 Label:BP_PortalVisual2 SpatiallyLoaded:1 Bounds:IsValid=true, Min=(X=-2490.000 Y=-5910.000 Z=2980.000), Max=(X=510.000 Y=-2910.000 Z=2980.000) RuntimeGrid:None EditorOnly:0 RuntimeOnly:0 HLODRelevant:0 ListedInSceneOutliner:1 IsMainWorldOnly:0 FolderPath:Level FolderGuid:D1A9EAE64E998BA468F788B16C6D78B0
 |   |   |- Guid:E60B76354E5DC830281B8FB95E605F56 BaseClass: NativeClass:/Script/Engine.DirectionalLight Name:DirectionalLight_0 Label:DirectionalLight SpatiallyLoaded:0 Bounds:IsValid=true, Min=(X=-4398046511104.000 Y=-4398046511104.000 Z=-4398046511104.000), Max=(X=4398046511104.000 Y=4398046511104.000 Z=4398046511104.000) RuntimeGrid:None EditorOnly:0 RuntimeOnly:0 HLODRelevant:0 ListedInSceneOutliner:1 IsMainWorldOnly:0 FolderPath:Lighting FolderGuid:963EC3EB4002CCE9759E2EBA541A873A
 |   |   |- Guid:F5382D9949EED5C336D7BCB15F7E351E BaseClass: NativeClass:/Script/Engine.StaticMeshActor Name:StaticMeshActor_UAID_7C10C9431B66E2EE01_1481421266 Label:SM_Cube15 SpatiallyLoaded:1 Bounds:IsValid=true, Min=(X=-2510.000 Y=-2970.000 Z=0.000), Max=(X=490.000 Y=-2870.000 Z=3000.000) RuntimeGrid:None EditorOnly:0 RuntimeOnly:0 HLODRelevant:1 ListedInSceneOutliner:1 IsMainWorldOnly:0 FolderPath:Level FolderGuid:D1A9EAE64E998BA468F788B16C6D78B0
 |   |- [+] Clusters:
 |   |   |- [+] [  0]
 |   |   |   |- Guid:09E6BFEE4AC61033FAA23F89C2FE3AF0 BaseClass: NativeClass:/Script/Engine.StaticMeshActor Name:StaticMeshActor_UAID_7C10C9431B66E2EE01_1506960267 Label:SM_Cube16 SpatiallyLoaded:1 Bounds:IsValid=true, Min=(X=-2610.000 Y=-5970.000 Z=0.000), Max=(X=-2510.000 Y=-2970.000 Z=3000.000) RuntimeGrid:None EditorOnly:0 RuntimeOnly:0 HLODRelevant:1 ListedInSceneOutliner:1 IsMainWorldOnly:0 FolderPath:Level FolderGuid:D1A9EAE64E998BA468F788B16C6D78B0
 |   |   |- [+] [  1]
 |   |   |   |- Guid:0D7547B9498B6C71FA822C8B06888978 BaseClass: NativeClass:/Script/Engine.PlayerStart Name:PlayerStart_0 Label:PlayerStart SpatiallyLoaded:0 Bounds:IsValid=true, Min=(X=-1140.000 Y=-5140.000 Z=1110.013), Max=(X=-1060.000 Y=-5060.000 Z=1294.013) RuntimeGrid:None EditorOnly:0 RuntimeOnly:0 HLODRelevant:0 ListedInSceneOutliner:1 IsMainWorldOnly:0
 |   |   |- [+] [  2]
 |   |   |   |- Guid:1E8401734CB3EFCC008389A002F5C2D0 BaseClass: NativeClass:/Script/Engine.StaticMeshActor Name:StaticMeshActor_UAID_7C10C9431B66E3EE01_1670997450 Label:SM_Cube20 SpatiallyLoaded:1 Bounds:IsValid=true, Min=(X=-1390.000 Y=-4330.000 Z=1390.000), Max=(X=-815.000 Y=-3630.000 Z=1490.000) RuntimeGrid:None EditorOnly:0 RuntimeOnly:0 HLODRelevant:1 ListedInSceneOutliner:1 IsMainWorldOnly:0 FolderPath:Level FolderGuid:D1A9EAE64E998BA468F788B16C6D78B0
 |   |   |- [+] [  3]
 |   |   |   |- Guid:2230DFCB4B8C1958F55B4688C8D06752 BaseClass: NativeClass:/Script/Engine.StaticMeshActor Name:StaticMeshActor_UAID_7C10C9431B66E2EE01_1674392270 Label:SM_Cube19 SpatiallyLoaded:1 Bounds:IsValid=true, Min=(X=-2510.000 Y=-5970.005 Z=3000.000), Max=(X=490.000 Y=-2970.005 Z=3100.000) RuntimeGrid:None EditorOnly:0 RuntimeOnly:0 HLODRelevant:1 ListedInSceneOutliner:1 IsMainWorldOnly:0 FolderPath:Level FolderGuid:D1A9EAE64E998BA468F788B16C6D78B0
 |   |   |- [+] [  4]
 |   |   |   |- Guid:26B5617F429AB9852D2105869A9DFB9A BaseClass: NativeClass:/Script/Engine.StaticMeshActor Name:StaticMeshActor_UAID_7C10C9431B66E2EE01_1561833268 Label:SM_Cube17 SpatiallyLoaded:1 Bounds:IsValid=true, Min=(X=-2510.000 Y=-6070.005 Z=0.000), Max=(X=490.000 Y=-5970.005 Z=3000.000) RuntimeGrid:None EditorOnly:0 RuntimeOnly:0 HLODRelevant:1 ListedInSceneOutliner:1 IsMainWorldOnly:0 FolderPath:Level FolderGuid:D1A9EAE64E998BA468F788B16C6D78B0
 |   |   |- [+] [  5]
 |   |   |   |- Guid:3022C133484558D357C030B4212E80BC BaseClass:/Game/AnomalyBox/Blueprints/BP_PortalVisual.BP_PortalVisual_C NativeClass:/Script/Engine.StaticMeshActor Name:BP_PortalVisual_C_UAID_7C10C9431B66E6EE01_1404186983 Label:BP_PortalVisual SpatiallyLoaded:1 Bounds:IsValid=true, Min=(X=-2487.500 Y=-5907.500 Z=20.000), Max=(X=487.500 Y=-2932.500 Z=20.000) RuntimeGrid:None EditorOnly:0 RuntimeOnly:0 HLODRelevant:0 ListedInSceneOutliner:1 IsMainWorldOnly:0 FolderPath:Level FolderGuid:D1A9EAE64E998BA468F788B16C6D78B0
 |   |   |- [+] [  6]
 |   |   |   |- Guid:47518B8C416E35A125925FACF2891DDF BaseClass:/Game/AnomalyBox/Blueprints/BP_Portal.BP_Portal_C NativeClass:/Script/Engine.StaticMeshActor Name:BP_Portal_C_UAID_7C10C9431B66E2EE01_1962977273 Label:BP_Portal SpatiallyLoaded:1 Bounds:IsValid=true, Min=(X=-2510.000 Y=-5970.005 Z=-100.000), Max=(X=490.000 Y=-2970.005 Z=0.000) RuntimeGrid:None EditorOnly:0 RuntimeOnly:0 HLODRelevant:1 ListedInSceneOutliner:1 IsMainWorldOnly:0 FolderPath:Level FolderGuid:D1A9EAE64E998BA468F788B16C6D78B0
 |   |   |- [+] [  7]
 |   |   |   |- Guid:65F595024485D509A60D22ABD43AEAD8 BaseClass: NativeClass:/Script/Engine.SkyLight Name:SkyLight_1 Label:SkyLight SpatiallyLoaded:0 Bounds:IsValid=true, Min=(X=0.000 Y=0.000 Z=690.000), Max=(X=0.000 Y=0.000 Z=690.000) RuntimeGrid:None EditorOnly:0 RuntimeOnly:0 HLODRelevant:0 ListedInSceneOutliner:1 IsMainWorldOnly:0 FolderPath:Lighting FolderGuid:963EC3EB4002CCE9759E2EBA541A873A
 |   |   |- [+] [  8]
 |   |   |   |- Guid:7773F69F4E8A8D577B6FA291714EA044 BaseClass: NativeClass:/Script/Engine.WorldDataLayers Name:WorldDataLayers Label:WorldDataLayers SpatiallyLoaded:0 Bounds:Invalid RuntimeGrid:None EditorOnly:0 RuntimeOnly:0 HLODRelevant:0 ListedInSceneOutliner:1 IsMainWorldOnly:1
 |   |   |- [+] [  9]
 |   |   |   |- Guid:84AACA59472EDF54CA95DD97CE7D7BB4 BaseClass: NativeClass:/Script/Engine.StaticMeshActor Name:StaticMeshActor_UAID_7C10C9431B66E2EE01_1561834269 Label:SM_Cube18 SpatiallyLoaded:1 Bounds:IsValid=true, Min=(X=490.000 Y=-5970.005 Z=0.000), Max=(X=590.000 Y=-2970.005 Z=3000.000) RuntimeGrid:None EditorOnly:0 RuntimeOnly:0 HLODRelevant:1 ListedInSceneOutliner:1 IsMainWorldOnly:0 FolderPath:Level FolderGuid:D1A9EAE64E998BA468F788B16C6D78B0
 |   |   |- [+] [ 10]
 |   |   |   |- Guid:86D6A72742EBE097D5C712A71BD8290C BaseClass: NativeClass:/Script/Engine.PointLight Name:PointLight_UAID_7C10C9431B66E2EE01_1776317272 Label:PointLight SpatiallyLoaded:1 Bounds:IsValid=true, Min=(X=-17374.000 Y=-20904.000 Z=-14574.000), Max=(X=15394.000 Y=11864.000 Z=18194.000) RuntimeGrid:None EditorOnly:0 RuntimeOnly:0 HLODRelevant:0 ListedInSceneOutliner:1 IsMainWorldOnly:0
 |   |   |- [+] [ 11]
 |   |   |   |- Guid:8B03A1ED4AB5467808E57585426D1030 BaseClass: NativeClass:/Script/Engine.ExponentialHeightFog Name:ExponentialHeightFog_0 Label:ExponentialHeightFog SpatiallyLoaded:0 Bounds:IsValid=true, Min=(X=-5600.000 Y=-50.000 Z=-6850.000), Max=(X=-5600.000 Y=-50.000 Z=-6850.000) RuntimeGrid:None EditorOnly:0 RuntimeOnly:0 HLODRelevant:0 ListedInSceneOutliner:1 IsMainWorldOnly:0 FolderPath:Lighting FolderGuid:963EC3EB4002CCE9759E2EBA541A873A
 |   |   |- [+] [ 12]
 |   |   |   |- Guid:919740D943493812635346A66AB7AF2B BaseClass: NativeClass:/Script/Engine.PostProcessVolume Name:PostProcessVolume_0 Label:PostProcessVolume SpatiallyLoaded:0 Bounds:IsValid=true, Min=(X=0.000 Y=0.000 Z=400.000), Max=(X=200.000 Y=200.000 Z=600.000) RuntimeGrid:None EditorOnly:0 RuntimeOnly:0 HLODRelevant:0 ListedInSceneOutliner:1 IsMainWorldOnly:0 FolderPath:Lighting FolderGuid:963EC3EB4002CCE9759E2EBA541A873A
 |   |   |- [+] [ 13]
 |   |   |   |- Guid:9ECA49E546DB0CA765197892208DA1C8 BaseClass: NativeClass:/Script/Engine.SkyAtmosphere Name:SkyAtmosphere_0 Label:SkyAtmosphere SpatiallyLoaded:0 Bounds:IsValid=true, Min=(X=0.000 Y=0.000 Z=1020.000), Max=(X=0.000 Y=0.000 Z=1020.000) RuntimeGrid:None EditorOnly:0 RuntimeOnly:0 HLODRelevant:0 ListedInSceneOutliner:1 IsMainWorldOnly:0 FolderPath:Lighting FolderGuid:963EC3EB4002CCE9759E2EBA541A873A
 |   |   |- [+] [ 14]
 |   |   |   |- Guid:ACF9FCD44B2EDF34C86CAA8BC8C94B99 BaseClass: NativeClass:/Script/Engine.StaticMeshActor Name:StaticMeshActor_UAID_7C10C9431B66E2EE01_1296921264 Label:SM_Cube14 SpatiallyLoaded:1 Bounds:IsValid=true, Min=(X=-1390.000 Y=-5430.000 Z=990.000), Max=(X=-815.000 Y=-4730.000 Z=1090.000) RuntimeGrid:None EditorOnly:0 RuntimeOnly:0 HLODRelevant:1 ListedInSceneOutliner:1 IsMainWorldOnly:0 FolderPath:Level FolderGuid:D1A9EAE64E998BA468F788B16C6D78B0
 |   |   |- [+] [ 15]
 |   |   |   |- Guid:C7DA820F4213F477A64082BED0823DEB BaseClass: NativeClass:/Script/Engine.VolumetricCloud Name:VolumetricCloud_0 Label:VolumetricCloud SpatiallyLoaded:0 Bounds:IsValid=true, Min=(X=0.000 Y=0.000 Z=820.000), Max=(X=0.000 Y=0.000 Z=820.000) RuntimeGrid:None EditorOnly:0 RuntimeOnly:0 HLODRelevant:0 ListedInSceneOutliner:1 IsMainWorldOnly:0 FolderPath:Lighting FolderGuid:963EC3EB4002CCE9759E2EBA541A873A
 |   |   |- [+] [ 16]
 |   |   |   |- Guid:CC93032C4A5DD3FD0F6E91B0BE5F0252 BaseClass:/Game/AnomalyBox/Blueprints/BP_PortalVisual.BP_PortalVisual_C NativeClass:/Script/Engine.StaticMeshActor Name:BP_PortalVisual_C_UAID_7C10C9431B66E6EE01_1526966984 Label:BP_PortalVisual2 SpatiallyLoaded:1 Bounds:IsValid=true, Min=(X=-2490.000 Y=-5910.000 Z=2980.000), Max=(X=510.000 Y=-2910.000 Z=2980.000) RuntimeGrid:None EditorOnly:0 RuntimeOnly:0 HLODRelevant:0 ListedInSceneOutliner:1 IsMainWorldOnly:0 FolderPath:Level FolderGuid:D1A9EAE64E998BA468F788B16C6D78B0
 |   |   |- [+] [ 17]
 |   |   |   |- Guid:E60B76354E5DC830281B8FB95E605F56 BaseClass: NativeClass:/Script/Engine.DirectionalLight Name:DirectionalLight_0 Label:DirectionalLight SpatiallyLoaded:0 Bounds:IsValid=true, Min=(X=-4398046511104.000 Y=-4398046511104.000 Z=-4398046511104.000), Max=(X=4398046511104.000 Y=4398046511104.000 Z=4398046511104.000) RuntimeGrid:None EditorOnly:0 RuntimeOnly:0 HLODRelevant:0 ListedInSceneOutliner:1 IsMainWorldOnly:0 FolderPath:Lighting FolderGuid:963EC3EB4002CCE9759E2EBA541A873A
 |   |   |- [+] [ 18]
 |   |   |   |- Guid:F5382D9949EED5C336D7BCB15F7E351E BaseClass: NativeClass:/Script/Engine.StaticMeshActor Name:StaticMeshActor_UAID_7C10C9431B66E2EE01_1481421266 Label:SM_Cube15 SpatiallyLoaded:1 Bounds:IsValid=true, Min=(X=-2510.000 Y=-2970.000 Z=0.000), Max=(X=490.000 Y=-2870.000 Z=3000.000) RuntimeGrid:None EditorOnly:0 RuntimeOnly:0 HLODRelevant:1 ListedInSceneOutliner:1 IsMainWorldOnly:0 FolderPath:Level FolderGuid:D1A9EAE64E998BA468F788B16C6D78B0
 |- ContainerInstances:
 |- [+] MainContainer:
 |   |-        ID: 00000000000000000000000000000000
 |   |-  ParentID: 00000000000000000000000000000000
 |   |-    Bounds: IsValid=false, Min=(X=0.000 Y=0.000 Z=0.000), Max=(X=0.000 Y=0.000 Z=0.000)
 |   |- Transform: 0.000000,0.000000,0.000000|0.000000,0.000000,-0.000000|1.000000,1.000000,1.000000
 |   |- Container: /Game/AnomalyBox/Levels/Level1
----------------------------------------------------------------------------------------------------------------
Level1 - Persistent Level
----------------------------------------------------------------------------------------------------------------
[+] Content of Level1 Persistent Level
 |- Always loaded Actor Count: 26 
 |- Actor Path: /Game/AnomalyBox/Levels/Level1.Level1:PersistentLevel.AbstractNavData-Default
 |- Actor Package: /Game/AnomalyBox/Levels/Level1
 |- Actor Path: /Game/AnomalyBox/Levels/Level1.Level1:PersistentLevel.BP_Portal_C_UAID_7C10C9431B66E2EE01_1962977273
 |- Actor Package: /Game/__ExternalActors__/AnomalyBox/Levels/Level1/C/CT/LPWZN0WNI71C2OSSW5WH3N
 |- Actor Path: /Game/AnomalyBox/Levels/Level1.Level1:PersistentLevel.BP_PortalVisual_C_UAID_7C10C9431B66E6EE01_1404186983
 |- Actor Package: /Game/__ExternalActors__/AnomalyBox/Levels/Level1/6/A0/V6J71ZAETO5F5Q10I0OGZG
 |- Actor Path: /Game/AnomalyBox/Levels/Level1.Level1:PersistentLevel.BP_PortalVisual_C_UAID_7C10C9431B66E6EE01_1526966984
 |- Actor Package: /Game/__ExternalActors__/AnomalyBox/Levels/Level1/4/DB/61DTEQVIOLMJCFX36HDLLQ
 |- Actor Path: /Game/AnomalyBox/Levels/Level1.Level1:PersistentLevel.Brush_0
 |- Actor Package: /Game/AnomalyBox/Levels/Level1
 |- Actor Path: /Game/AnomalyBox/Levels/Level1.Level1:PersistentLevel.DefaultPhysicsVolume_0
 |- Actor Package: /Game/AnomalyBox/Levels/Level1
 |- Actor Path: /Game/AnomalyBox/Levels/Level1.Level1:PersistentLevel.DirectionalLight_0
 |- Actor Package: /Game/__ExternalActors__/AnomalyBox/Levels/Level1/E/L7/AZD8RR8Y2XAWEZXU9458IG
 |- Actor Path: /Game/AnomalyBox/Levels/Level1.Level1:PersistentLevel.ExponentialHeightFog_0
 |- Actor Package: /Game/__ExternalActors__/AnomalyBox/Levels/Level1/1/I3/T1G7KSOWS0FU4N96Y7TQ4Z
 |- Actor Path: /Game/AnomalyBox/Levels/Level1.Level1:PersistentLevel.GameplayDebuggerPlayerManager_0
 |- Actor Package: /Game/AnomalyBox/Levels/Level1
 |- Actor Path: /Game/AnomalyBox/Levels/Level1.Level1:PersistentLevel.PlayerStart_0
 |- Actor Package: /Game/__ExternalActors__/AnomalyBox/Levels/Level1/3/C4/68QMVXC9OTDQDRLP7AEPVX
 |- Actor Path: /Game/AnomalyBox/Levels/Level1.Level1:PersistentLevel.PointLight_UAID_7C10C9431B66E2EE01_1776317272
 |- Actor Package: /Game/__ExternalActors__/AnomalyBox/Levels/Level1/7/A1/W096DIKJQFM84OYHDMGNDO
 |- Actor Path: /Game/AnomalyBox/Levels/Level1.Level1:PersistentLevel.PostProcessVolume_0
 |- Actor Package: /Game/__ExternalActors__/AnomalyBox/Levels/Level1/9/4P/0MZFG5T94D3OP7Z4YDE4T6
 |- Actor Path: /Game/AnomalyBox/Levels/Level1.Level1:PersistentLevel.SkyAtmosphere_0
 |- Actor Package: /Game/__ExternalActors__/AnomalyBox/Levels/Level1/1/A5/L2B7L77SNRGZPP4D6FNLK7
 |- Actor Path: /Game/AnomalyBox/Levels/Level1.Level1:PersistentLevel.SkyLight_1
 |- Actor Package: /Game/__ExternalActors__/AnomalyBox/Levels/Level1/4/Y0/RO84QFETP0LLSBK79ZR9TB
 |- Actor Path: /Game/AnomalyBox/Levels/Level1.Level1:PersistentLevel.StaticMeshActor_UAID_7C10C9431B66E2EE01_1296921264
 |- Actor Package: /Game/__ExternalActors__/AnomalyBox/Levels/Level1/4/UX/Q7WY9C0CSDFB6BLRESGU5E
 |- Actor Path: /Game/AnomalyBox/Levels/Level1.Level1:PersistentLevel.StaticMeshActor_UAID_7C10C9431B66E2EE01_1481421266
 |- Actor Package: /Game/__ExternalActors__/AnomalyBox/Levels/Level1/5/5U/02FVV39WOC34B3HNMWDEV3
 |- Actor Path: /Game/AnomalyBox/Levels/Level1.Level1:PersistentLevel.StaticMeshActor_UAID_7C10C9431B66E2EE01_1506960267
 |- Actor Package: /Game/__ExternalActors__/AnomalyBox/Levels/Level1/B/76/VLQVGST6WL4JDRZ661URFD
 |- Actor Path: /Game/AnomalyBox/Levels/Level1.Level1:PersistentLevel.StaticMeshActor_UAID_7C10C9431B66E2EE01_1561833268
 |- Actor Package: /Game/__ExternalActors__/AnomalyBox/Levels/Level1/5/J1/0OA1VOQ6T1BDFRBCI4LA7H
 |- Actor Path: /Game/AnomalyBox/Levels/Level1.Level1:PersistentLevel.StaticMeshActor_UAID_7C10C9431B66E2EE01_1561834269
 |- Actor Package: /Game/__ExternalActors__/AnomalyBox/Levels/Level1/B/2H/7HXGHTY5FGOQVF5UJ9HC14
 |- Actor Path: /Game/AnomalyBox/Levels/Level1.Level1:PersistentLevel.StaticMeshActor_UAID_7C10C9431B66E2EE01_1674392270
 |- Actor Package: /Game/__ExternalActors__/AnomalyBox/Levels/Level1/3/UR/3LQ7FM98D8WQU8I6BEO63T
 |- Actor Path: /Game/AnomalyBox/Levels/Level1.Level1:PersistentLevel.StaticMeshActor_UAID_7C10C9431B66E3EE01_1670997450
 |- Actor Package: /Game/__ExternalActors__/AnomalyBox/Levels/Level1/1/FU/Z15BRLNKDMTW16CQPHEB71
 |- Actor Path: /Game/AnomalyBox/Levels/Level1.Level1:PersistentLevel.ThirdPersonMap_C_1
 |- Actor Package: /Game/AnomalyBox/Levels/Level1
 |- Actor Path: /Game/AnomalyBox/Levels/Level1.Level1:PersistentLevel.VolumetricCloud_0
 |- Actor Package: /Game/__ExternalActors__/AnomalyBox/Levels/Level1/C/C5/AY8ZF0EEFF28CY2TN76JUG
 |- Actor Path: /Game/AnomalyBox/Levels/Level1.Level1:PersistentLevel.WorldDataLayers
 |- Actor Package: /Game/__ExternalActors__/AnomalyBox/Levels/Level1/7/YA/J1OR5CIVC8EJEUTJ8M3TTG
 |- Actor Path: /Game/AnomalyBox/Levels/Level1.Level1:PersistentLevel.WorldInfo_0
 |- Actor Package: /Game/AnomalyBox/Levels/Level1
 |- Actor Path: /Game/AnomalyBox/Levels/Level1.Level1:PersistentLevel.WorldPartitionMiniMap_0
 |- Actor Package: /Game/__ExternalActors__/AnomalyBox/Levels/Level1/7/IW/LDV6NPX6Z4B59VXU8OHTN6

----------------------------------------------------------------------------------------------------------------
Level1 - Runtime Spatial Hash - Streaming Grid - MainGrid
----------------------------------------------------------------------------------------------------------------
            Origin: X=0.000 Y=0.000 Z=0.000
         Cell Size: 12800
      World Bounds: IsValid=false, Min=(X=0.000 Y=0.000 Z=0.000), Max=(X=0.000 Y=0.000 Z=0.000)
     Loading Range: 25600.00
Block Slow Loading: No
 ClientOnlyVisible: No
            Origin: X=0.000 Y=0.000 Z=0.000

[+] Grid Levels: 1
 |- Level  0: Cell Count    0 | Cell Size   12800 | Actor Count    0 (0.0%)

[+] Content of Grid Level 0

