[+] Containers:
 |- [+] Container: /Game/AnomalyBox/Levels/Level2
 |   |- [+] ActorDescs:
 |   |   |- Guid:0E1CAF2C4A22C262C79C1492C6DC7B80 BaseClass: NativeClass:/Script/Engine.ExponentialHeightFog Name:ExponentialHeightFog_0 Label:ExponentialHeightFog SpatiallyLoaded:0 Bounds:IsValid=true, Min=(X=-5600.000 Y=-50.000 Z=-6850.000), Max=(X=-5600.000 Y=-50.000 Z=-6850.000) RuntimeGrid:None EditorOnly:0 RuntimeOnly:0 HLODRelevant:0 ListedInSceneOutliner:1 IsMainWorldOnly:0 FolderPath:Lighting FolderGuid:963EC3EB4002CCE9759E2EBA541A873A
 |   |   |- Guid:0E8CEE394F895F82DC5BC284943F6DB7 BaseClass: NativeClass:/Script/Engine.StaticMeshActor Name:StaticMeshActor_UAID_7C10C9431B66E2EE01_1561833268 Label:SM_Cube17 SpatiallyLoaded:1 Bounds:IsValid=true, Min=(X=-2510.000 Y=-6070.005 Z=0.000), Max=(X=490.000 Y=-5970.005 Z=3000.000) RuntimeGrid:None EditorOnly:0 RuntimeOnly:0 HLODRelevant:1 ListedInSceneOutliner:1 IsMainWorldOnly:0 FolderPath:Level FolderGuid:D1A9EAE64E998BA468F788B16C6D78B0
 |   |   |- Guid:191573AD4D6DAA14D7EEEBA201CC0621 BaseClass:/Game/AnomalyBox/Blueprints/BP_PortalVisual.BP_PortalVisual_C NativeClass:/Script/Engine.StaticMeshActor Name:BP_PortalVisual_C_UAID_7C10C9431B66E6EE01_1404186983 Label:BP_PortalVisual SpatiallyLoaded:1 Bounds:IsValid=true, Min=(X=-2487.500 Y=-5907.500 Z=20.000), Max=(X=487.500 Y=-2932.500 Z=20.000) RuntimeGrid:None EditorOnly:0 RuntimeOnly:0 HLODRelevant:0 ListedInSceneOutliner:1 IsMainWorldOnly:0 FolderPath:Level FolderGuid:D1A9EAE64E998BA468F788B16C6D78B0
 |   |   |- Guid:314267AA4A96F63F9AB3E5941F9D83D3 BaseClass: NativeClass:/Script/Engine.StaticMeshActor Name:StaticMeshActor_UAID_7C10C9431B66E3EE01_1670997450 Label:SM_Cube20 SpatiallyLoaded:1 Bounds:IsValid=true, Min=(X=-1220.000 Y=-3580.000 Z=1390.000), Max=(X=-820.000 Y=-3180.000 Z=1490.000) RuntimeGrid:None EditorOnly:0 RuntimeOnly:0 HLODRelevant:1 ListedInSceneOutliner:1 IsMainWorldOnly:0 FolderPath:Level FolderGuid:D1A9EAE64E998BA468F788B16C6D78B0
 |   |   |- Guid:55DC4C2A4ED2B44AE3117EB7D11A8DB8 BaseClass: NativeClass:/Script/Engine.PostProcessVolume Name:PostProcessVolume_0 Label:PostProcessVolume SpatiallyLoaded:0 Bounds:IsValid=true, Min=(X=0.000 Y=0.000 Z=400.000), Max=(X=200.000 Y=200.000 Z=600.000) RuntimeGrid:None EditorOnly:0 RuntimeOnly:0 HLODRelevant:0 ListedInSceneOutliner:1 IsMainWorldOnly:0 FolderPath:Lighting FolderGuid:963EC3EB4002CCE9759E2EBA541A873A
 |   |   |- Guid:68D748C1463E554FF3C1C9AF45BA056A BaseClass: NativeClass:/Script/Engine.StaticMeshActor Name:StaticMeshActor_UAID_7C10C9431B66E2EE01_1481421266 Label:SM_Cube15 SpatiallyLoaded:1 Bounds:IsValid=true, Min=(X=-2510.000 Y=-2970.000 Z=0.000), Max=(X=490.000 Y=-2870.000 Z=3000.000) RuntimeGrid:None EditorOnly:0 RuntimeOnly:0 HLODRelevant:1 ListedInSceneOutliner:1 IsMainWorldOnly:0 FolderPath:Level FolderGuid:D1A9EAE64E998BA468F788B16C6D78B0
 |   |   |- Guid:6A4B935645F178FFA4E636A5CA404B97 BaseClass: NativeClass:/Script/Engine.WorldDataLayers Name:WorldDataLayers Label:WorldDataLayers SpatiallyLoaded:0 Bounds:Invalid RuntimeGrid:None EditorOnly:0 RuntimeOnly:0 HLODRelevant:0 ListedInSceneOutliner:1 IsMainWorldOnly:1
 |   |   |- Guid:79AE5B9440426BDA440A66B42B1E82F7 BaseClass:/Game/AnomalyBox/Blueprints/BP_Portal.BP_Portal_C NativeClass:/Script/Engine.StaticMeshActor Name:BP_Portal_C_UAID_7C10C9431B66E2EE01_1962977273 Label:BP_Portal SpatiallyLoaded:1 Bounds:IsValid=true, Min=(X=-2510.000 Y=-5970.005 Z=-100.000), Max=(X=490.000 Y=-2970.005 Z=0.000) RuntimeGrid:None EditorOnly:0 RuntimeOnly:0 HLODRelevant:1 ListedInSceneOutliner:1 IsMainWorldOnly:0 FolderPath:Level FolderGuid:D1A9EAE64E998BA468F788B16C6D78B0
 |   |   |- Guid:7F0DFA5842F8C2C4FC54B889466B31E9 BaseClass: NativeClass:/Script/Engine.DirectionalLight Name:DirectionalLight_0 Label:DirectionalLight SpatiallyLoaded:0 Bounds:IsValid=true, Min=(X=-4398046511104.000 Y=-4398046511104.000 Z=-4398046511104.000), Max=(X=4398046511104.000 Y=4398046511104.000 Z=4398046511104.000) RuntimeGrid:None EditorOnly:0 RuntimeOnly:0 HLODRelevant:0 ListedInSceneOutliner:1 IsMainWorldOnly:0 FolderPath:Lighting FolderGuid:963EC3EB4002CCE9759E2EBA541A873A
 |   |   |- Guid:7F8E076C4F6AFA521759F5BE3543C743 BaseClass: NativeClass:/Script/Engine.StaticMeshActor Name:StaticMeshActor_UAID_7C10C9431B68ECEE01_1701207024 Label:SM_Cube21 SpatiallyLoaded:1 Bounds:IsValid=true, Min=(X=-610.000 Y=-5080.005 Z=1260.000), Max=(X=-210.000 Y=-4680.005 Z=1360.000) RuntimeGrid:None EditorOnly:0 RuntimeOnly:0 HLODRelevant:1 ListedInSceneOutliner:1 IsMainWorldOnly:0 FolderPath:Level FolderGuid:D1A9EAE64E998BA468F788B16C6D78B0
 |   |   |- Guid:7FC997C64501248C0921B3953A288A13 BaseClass: NativeClass:/Script/Engine.StaticMeshActor Name:StaticMeshActor_UAID_7C10C9431B66E2EE01_1506960267 Label:SM_Cube16 SpatiallyLoaded:1 Bounds:IsValid=true, Min=(X=-2610.000 Y=-5970.000 Z=0.000), Max=(X=-2510.000 Y=-2970.000 Z=3000.000) RuntimeGrid:None EditorOnly:0 RuntimeOnly:0 HLODRelevant:1 ListedInSceneOutliner:1 IsMainWorldOnly:0 FolderPath:Level FolderGuid:D1A9EAE64E998BA468F788B16C6D78B0
 |   |   |- Guid:99B26EEE4C481A22954236B2EB6C698B BaseClass: NativeClass:/Script/Engine.PlayerStart Name:PlayerStart_0 Label:PlayerStart SpatiallyLoaded:0 Bounds:IsValid=true, Min=(X=-1270.000 Y=-5810.000 Z=1110.013), Max=(X=-1190.000 Y=-5730.000 Z=1294.013) RuntimeGrid:None EditorOnly:0 RuntimeOnly:0 HLODRelevant:0 ListedInSceneOutliner:1 IsMainWorldOnly:0
 |   |   |- Guid:A8596786425A3C268BF215B4E5CF0CE1 BaseClass: NativeClass:/Script/Engine.VolumetricCloud Name:VolumetricCloud_0 Label:VolumetricCloud SpatiallyLoaded:0 Bounds:IsValid=true, Min=(X=0.000 Y=0.000 Z=820.000), Max=(X=0.000 Y=0.000 Z=820.000) RuntimeGrid:None EditorOnly:0 RuntimeOnly:0 HLODRelevant:0 ListedInSceneOutliner:1 IsMainWorldOnly:0 FolderPath:Lighting FolderGuid:963EC3EB4002CCE9759E2EBA541A873A
 |   |   |- Guid:A8F1DC3345776F5F80FB6C8FC2546966 BaseClass: NativeClass:/Script/Engine.StaticMeshActor Name:StaticMeshActor_UAID_7C10C9431B66E2EE01_1674392270 Label:SM_Cube19 SpatiallyLoaded:1 Bounds:IsValid=true, Min=(X=-2510.000 Y=-5970.005 Z=3000.000), Max=(X=490.000 Y=-2970.005 Z=3100.000) RuntimeGrid:None EditorOnly:0 RuntimeOnly:0 HLODRelevant:1 ListedInSceneOutliner:1 IsMainWorldOnly:0 FolderPath:Level FolderGuid:D1A9EAE64E998BA468F788B16C6D78B0
 |   |   |- Guid:AE61F1B349C594819F5FB68F3B0FB3D6 BaseClass: NativeClass:/Script/Engine.SkyAtmosphere Name:SkyAtmosphere_0 Label:SkyAtmosphere SpatiallyLoaded:0 Bounds:IsValid=true, Min=(X=0.000 Y=0.000 Z=1020.000), Max=(X=0.000 Y=0.000 Z=1020.000) RuntimeGrid:None EditorOnly:0 RuntimeOnly:0 HLODRelevant:0 ListedInSceneOutliner:1 IsMainWorldOnly:0 FolderPath:Lighting FolderGuid:963EC3EB4002CCE9759E2EBA541A873A
 |   |   |- Guid:B2EEC3A2455CE165833C69AC7EFABF82 BaseClass:/Game/AnomalyBox/Blueprints/BP_PortalVisual.BP_PortalVisual_C NativeClass:/Script/Engine.StaticMeshActor Name:BP_PortalVisual_C_UAID_7C10C9431B66E6EE01_1526966984 Label:BP_PortalVisual2 SpatiallyLoaded:1 Bounds:IsValid=true, Min=(X=-2490.000 Y=-5910.000 Z=2980.000), Max=(X=510.000 Y=-2910.000 Z=2980.000) RuntimeGrid:None EditorOnly:0 RuntimeOnly:0 HLODRelevant:0 ListedInSceneOutliner:1 IsMainWorldOnly:0 FolderPath:Level FolderGuid:D1A9EAE64E998BA468F788B16C6D78B0
 |   |   |- Guid:B77172204D4DF656A07563B8B99C77CF BaseClass: NativeClass:/Script/Engine.PointLight Name:PointLight_UAID_7C10C9431B66E2EE01_1776317272 Label:PointLight SpatiallyLoaded:1 Bounds:IsValid=true, Min=(X=-17374.000 Y=-20904.000 Z=-14574.000), Max=(X=15394.000 Y=11864.000 Z=18194.000) RuntimeGrid:None EditorOnly:0 RuntimeOnly:0 HLODRelevant:0 ListedInSceneOutliner:1 IsMainWorldOnly:0
 |   |   |- Guid:B9307A984B959B8C1294778B9318A1CB BaseClass: NativeClass:/Script/Engine.StaticMeshActor Name:StaticMeshActor_UAID_7C10C9431B66E2EE01_1296921264 Label:SM_Cube14 SpatiallyLoaded:1 Bounds:IsValid=true, Min=(X=-1390.000 Y=-5970.005 Z=990.000), Max=(X=-990.000 Y=-5570.005 Z=1090.000) RuntimeGrid:None EditorOnly:0 RuntimeOnly:0 HLODRelevant:1 ListedInSceneOutliner:1 IsMainWorldOnly:0 FolderPath:Level FolderGuid:D1A9EAE64E998BA468F788B16C6D78B0
 |   |   |- Guid:BA50831445AE09BABAAA1A8D1FDAE23B BaseClass: NativeClass:/Script/Engine.SkyLight Name:SkyLight_1 Label:SkyLight SpatiallyLoaded:0 Bounds:IsValid=true, Min=(X=0.000 Y=0.000 Z=690.000), Max=(X=0.000 Y=0.000 Z=690.000) RuntimeGrid:None EditorOnly:0 RuntimeOnly:0 HLODRelevant:0 ListedInSceneOutliner:1 IsMainWorldOnly:0 FolderPath:Lighting FolderGuid:963EC3EB4002CCE9759E2EBA541A873A
 |   |   |- Guid:BA886F8F44B094E7ED012C9CA3366AA8 BaseClass:/Game/AnomalyBox/Blueprints/BP_LevelWin.BP_LevelWin_C NativeClass:/Script/Engine.Actor Name:BP_LevelWin_C_UAID_7C10C9431B66E7EE01_1972063143 Label:BP_LevelWin SpatiallyLoaded:1 Bounds:IsValid=true, Min=(X=-1273.221 Y=-3582.933 Z=1407.741), Max=(X=-784.776 Y=-3171.338 Z=2539.746) RuntimeGrid:None EditorOnly:0 RuntimeOnly:0 HLODRelevant:0 ListedInSceneOutliner:1 IsMainWorldOnly:0
 |   |   |- Guid:F5634AD44848E43692640B854E62CBA8 BaseClass: NativeClass:/Script/Engine.StaticMeshActor Name:StaticMeshActor_UAID_7C10C9431B66E2EE01_1561834269 Label:SM_Cube18 SpatiallyLoaded:1 Bounds:IsValid=true, Min=(X=490.000 Y=-5970.005 Z=0.000), Max=(X=590.000 Y=-2970.005 Z=3000.000) RuntimeGrid:None EditorOnly:0 RuntimeOnly:0 HLODRelevant:1 ListedInSceneOutliner:1 IsMainWorldOnly:0 FolderPath:Level FolderGuid:D1A9EAE64E998BA468F788B16C6D78B0
 |   |- [+] Clusters:
 |   |   |- [+] [  0]
 |   |   |   |- Guid:0E1CAF2C4A22C262C79C1492C6DC7B80 BaseClass: NativeClass:/Script/Engine.ExponentialHeightFog Name:ExponentialHeightFog_0 Label:ExponentialHeightFog SpatiallyLoaded:0 Bounds:IsValid=true, Min=(X=-5600.000 Y=-50.000 Z=-6850.000), Max=(X=-5600.000 Y=-50.000 Z=-6850.000) RuntimeGrid:None EditorOnly:0 RuntimeOnly:0 HLODRelevant:0 ListedInSceneOutliner:1 IsMainWorldOnly:0 FolderPath:Lighting FolderGuid:963EC3EB4002CCE9759E2EBA541A873A
 |   |   |- [+] [  1]
 |   |   |   |- Guid:0E8CEE394F895F82DC5BC284943F6DB7 BaseClass: NativeClass:/Script/Engine.StaticMeshActor Name:StaticMeshActor_UAID_7C10C9431B66E2EE01_1561833268 Label:SM_Cube17 SpatiallyLoaded:1 Bounds:IsValid=true, Min=(X=-2510.000 Y=-6070.005 Z=0.000), Max=(X=490.000 Y=-5970.005 Z=3000.000) RuntimeGrid:None EditorOnly:0 RuntimeOnly:0 HLODRelevant:1 ListedInSceneOutliner:1 IsMainWorldOnly:0 FolderPath:Level FolderGuid:D1A9EAE64E998BA468F788B16C6D78B0
 |   |   |- [+] [  2]
 |   |   |   |- Guid:191573AD4D6DAA14D7EEEBA201CC0621 BaseClass:/Game/AnomalyBox/Blueprints/BP_PortalVisual.BP_PortalVisual_C NativeClass:/Script/Engine.StaticMeshActor Name:BP_PortalVisual_C_UAID_7C10C9431B66E6EE01_1404186983 Label:BP_PortalVisual SpatiallyLoaded:1 Bounds:IsValid=true, Min=(X=-2487.500 Y=-5907.500 Z=20.000), Max=(X=487.500 Y=-2932.500 Z=20.000) RuntimeGrid:None EditorOnly:0 RuntimeOnly:0 HLODRelevant:0 ListedInSceneOutliner:1 IsMainWorldOnly:0 FolderPath:Level FolderGuid:D1A9EAE64E998BA468F788B16C6D78B0
 |   |   |- [+] [  3]
 |   |   |   |- Guid:314267AA4A96F63F9AB3E5941F9D83D3 BaseClass: NativeClass:/Script/Engine.StaticMeshActor Name:StaticMeshActor_UAID_7C10C9431B66E3EE01_1670997450 Label:SM_Cube20 SpatiallyLoaded:1 Bounds:IsValid=true, Min=(X=-1220.000 Y=-3580.000 Z=1390.000), Max=(X=-820.000 Y=-3180.000 Z=1490.000) RuntimeGrid:None EditorOnly:0 RuntimeOnly:0 HLODRelevant:1 ListedInSceneOutliner:1 IsMainWorldOnly:0 FolderPath:Level FolderGuid:D1A9EAE64E998BA468F788B16C6D78B0
 |   |   |- [+] [  4]
 |   |   |   |- Guid:55DC4C2A4ED2B44AE3117EB7D11A8DB8 BaseClass: NativeClass:/Script/Engine.PostProcessVolume Name:PostProcessVolume_0 Label:PostProcessVolume SpatiallyLoaded:0 Bounds:IsValid=true, Min=(X=0.000 Y=0.000 Z=400.000), Max=(X=200.000 Y=200.000 Z=600.000) RuntimeGrid:None EditorOnly:0 RuntimeOnly:0 HLODRelevant:0 ListedInSceneOutliner:1 IsMainWorldOnly:0 FolderPath:Lighting FolderGuid:963EC3EB4002CCE9759E2EBA541A873A
 |   |   |- [+] [  5]
 |   |   |   |- Guid:68D748C1463E554FF3C1C9AF45BA056A BaseClass: NativeClass:/Script/Engine.StaticMeshActor Name:StaticMeshActor_UAID_7C10C9431B66E2EE01_1481421266 Label:SM_Cube15 SpatiallyLoaded:1 Bounds:IsValid=true, Min=(X=-2510.000 Y=-2970.000 Z=0.000), Max=(X=490.000 Y=-2870.000 Z=3000.000) RuntimeGrid:None EditorOnly:0 RuntimeOnly:0 HLODRelevant:1 ListedInSceneOutliner:1 IsMainWorldOnly:0 FolderPath:Level FolderGuid:D1A9EAE64E998BA468F788B16C6D78B0
 |   |   |- [+] [  6]
 |   |   |   |- Guid:6A4B935645F178FFA4E636A5CA404B97 BaseClass: NativeClass:/Script/Engine.WorldDataLayers Name:WorldDataLayers Label:WorldDataLayers SpatiallyLoaded:0 Bounds:Invalid RuntimeGrid:None EditorOnly:0 RuntimeOnly:0 HLODRelevant:0 ListedInSceneOutliner:1 IsMainWorldOnly:1
 |   |   |- [+] [  7]
 |   |   |   |- Guid:79AE5B9440426BDA440A66B42B1E82F7 BaseClass:/Game/AnomalyBox/Blueprints/BP_Portal.BP_Portal_C NativeClass:/Script/Engine.StaticMeshActor Name:BP_Portal_C_UAID_7C10C9431B66E2EE01_1962977273 Label:BP_Portal SpatiallyLoaded:1 Bounds:IsValid=true, Min=(X=-2510.000 Y=-5970.005 Z=-100.000), Max=(X=490.000 Y=-2970.005 Z=0.000) RuntimeGrid:None EditorOnly:0 RuntimeOnly:0 HLODRelevant:1 ListedInSceneOutliner:1 IsMainWorldOnly:0 FolderPath:Level FolderGuid:D1A9EAE64E998BA468F788B16C6D78B0
 |   |   |- [+] [  8]
 |   |   |   |- Guid:7F0DFA5842F8C2C4FC54B889466B31E9 BaseClass: NativeClass:/Script/Engine.DirectionalLight Name:DirectionalLight_0 Label:DirectionalLight SpatiallyLoaded:0 Bounds:IsValid=true, Min=(X=-4398046511104.000 Y=-4398046511104.000 Z=-4398046511104.000), Max=(X=4398046511104.000 Y=4398046511104.000 Z=4398046511104.000) RuntimeGrid:None EditorOnly:0 RuntimeOnly:0 HLODRelevant:0 ListedInSceneOutliner:1 IsMainWorldOnly:0 FolderPath:Lighting FolderGuid:963EC3EB4002CCE9759E2EBA541A873A
 |   |   |- [+] [  9]
 |   |   |   |- Guid:7F8E076C4F6AFA521759F5BE3543C743 BaseClass: NativeClass:/Script/Engine.StaticMeshActor Name:StaticMeshActor_UAID_7C10C9431B68ECEE01_1701207024 Label:SM_Cube21 SpatiallyLoaded:1 Bounds:IsValid=true, Min=(X=-610.000 Y=-5080.005 Z=1260.000), Max=(X=-210.000 Y=-4680.005 Z=1360.000) RuntimeGrid:None EditorOnly:0 RuntimeOnly:0 HLODRelevant:1 ListedInSceneOutliner:1 IsMainWorldOnly:0 FolderPath:Level FolderGuid:D1A9EAE64E998BA468F788B16C6D78B0
 |   |   |- [+] [ 10]
 |   |   |   |- Guid:7FC997C64501248C0921B3953A288A13 BaseClass: NativeClass:/Script/Engine.StaticMeshActor Name:StaticMeshActor_UAID_7C10C9431B66E2EE01_1506960267 Label:SM_Cube16 SpatiallyLoaded:1 Bounds:IsValid=true, Min=(X=-2610.000 Y=-5970.000 Z=0.000), Max=(X=-2510.000 Y=-2970.000 Z=3000.000) RuntimeGrid:None EditorOnly:0 RuntimeOnly:0 HLODRelevant:1 ListedInSceneOutliner:1 IsMainWorldOnly:0 FolderPath:Level FolderGuid:D1A9EAE64E998BA468F788B16C6D78B0
 |   |   |- [+] [ 11]
 |   |   |   |- Guid:99B26EEE4C481A22954236B2EB6C698B BaseClass: NativeClass:/Script/Engine.PlayerStart Name:PlayerStart_0 Label:PlayerStart SpatiallyLoaded:0 Bounds:IsValid=true, Min=(X=-1270.000 Y=-5810.000 Z=1110.013), Max=(X=-1190.000 Y=-5730.000 Z=1294.013) RuntimeGrid:None EditorOnly:0 RuntimeOnly:0 HLODRelevant:0 ListedInSceneOutliner:1 IsMainWorldOnly:0
 |   |   |- [+] [ 12]
 |   |   |   |- Guid:A8596786425A3C268BF215B4E5CF0CE1 BaseClass: NativeClass:/Script/Engine.VolumetricCloud Name:VolumetricCloud_0 Label:VolumetricCloud SpatiallyLoaded:0 Bounds:IsValid=true, Min=(X=0.000 Y=0.000 Z=820.000), Max=(X=0.000 Y=0.000 Z=820.000) RuntimeGrid:None EditorOnly:0 RuntimeOnly:0 HLODRelevant:0 ListedInSceneOutliner:1 IsMainWorldOnly:0 FolderPath:Lighting FolderGuid:963EC3EB4002CCE9759E2EBA541A873A
 |   |   |- [+] [ 13]
 |   |   |   |- Guid:A8F1DC3345776F5F80FB6C8FC2546966 BaseClass: NativeClass:/Script/Engine.StaticMeshActor Name:StaticMeshActor_UAID_7C10C9431B66E2EE01_1674392270 Label:SM_Cube19 SpatiallyLoaded:1 Bounds:IsValid=true, Min=(X=-2510.000 Y=-5970.005 Z=3000.000), Max=(X=490.000 Y=-2970.005 Z=3100.000) RuntimeGrid:None EditorOnly:0 RuntimeOnly:0 HLODRelevant:1 ListedInSceneOutliner:1 IsMainWorldOnly:0 FolderPath:Level FolderGuid:D1A9EAE64E998BA468F788B16C6D78B0
 |   |   |- [+] [ 14]
 |   |   |   |- Guid:AE61F1B349C594819F5FB68F3B0FB3D6 BaseClass: NativeClass:/Script/Engine.SkyAtmosphere Name:SkyAtmosphere_0 Label:SkyAtmosphere SpatiallyLoaded:0 Bounds:IsValid=true, Min=(X=0.000 Y=0.000 Z=1020.000), Max=(X=0.000 Y=0.000 Z=1020.000) RuntimeGrid:None EditorOnly:0 RuntimeOnly:0 HLODRelevant:0 ListedInSceneOutliner:1 IsMainWorldOnly:0 FolderPath:Lighting FolderGuid:963EC3EB4002CCE9759E2EBA541A873A
 |   |   |- [+] [ 15]
 |   |   |   |- Guid:B2EEC3A2455CE165833C69AC7EFABF82 BaseClass:/Game/AnomalyBox/Blueprints/BP_PortalVisual.BP_PortalVisual_C NativeClass:/Script/Engine.StaticMeshActor Name:BP_PortalVisual_C_UAID_7C10C9431B66E6EE01_1526966984 Label:BP_PortalVisual2 SpatiallyLoaded:1 Bounds:IsValid=true, Min=(X=-2490.000 Y=-5910.000 Z=2980.000), Max=(X=510.000 Y=-2910.000 Z=2980.000) RuntimeGrid:None EditorOnly:0 RuntimeOnly:0 HLODRelevant:0 ListedInSceneOutliner:1 IsMainWorldOnly:0 FolderPath:Level FolderGuid:D1A9EAE64E998BA468F788B16C6D78B0
 |   |   |- [+] [ 16]
 |   |   |   |- Guid:B77172204D4DF656A07563B8B99C77CF BaseClass: NativeClass:/Script/Engine.PointLight Name:PointLight_UAID_7C10C9431B66E2EE01_1776317272 Label:PointLight SpatiallyLoaded:1 Bounds:IsValid=true, Min=(X=-17374.000 Y=-20904.000 Z=-14574.000), Max=(X=15394.000 Y=11864.000 Z=18194.000) RuntimeGrid:None EditorOnly:0 RuntimeOnly:0 HLODRelevant:0 ListedInSceneOutliner:1 IsMainWorldOnly:0
 |   |   |- [+] [ 17]
 |   |   |   |- Guid:B9307A984B959B8C1294778B9318A1CB BaseClass: NativeClass:/Script/Engine.StaticMeshActor Name:StaticMeshActor_UAID_7C10C9431B66E2EE01_1296921264 Label:SM_Cube14 SpatiallyLoaded:1 Bounds:IsValid=true, Min=(X=-1390.000 Y=-5970.005 Z=990.000), Max=(X=-990.000 Y=-5570.005 Z=1090.000) RuntimeGrid:None EditorOnly:0 RuntimeOnly:0 HLODRelevant:1 ListedInSceneOutliner:1 IsMainWorldOnly:0 FolderPath:Level FolderGuid:D1A9EAE64E998BA468F788B16C6D78B0
 |   |   |- [+] [ 18]
 |   |   |   |- Guid:BA50831445AE09BABAAA1A8D1FDAE23B BaseClass: NativeClass:/Script/Engine.SkyLight Name:SkyLight_1 Label:SkyLight SpatiallyLoaded:0 Bounds:IsValid=true, Min=(X=0.000 Y=0.000 Z=690.000), Max=(X=0.000 Y=0.000 Z=690.000) RuntimeGrid:None EditorOnly:0 RuntimeOnly:0 HLODRelevant:0 ListedInSceneOutliner:1 IsMainWorldOnly:0 FolderPath:Lighting FolderGuid:963EC3EB4002CCE9759E2EBA541A873A
 |   |   |- [+] [ 19]
 |   |   |   |- Guid:BA886F8F44B094E7ED012C9CA3366AA8 BaseClass:/Game/AnomalyBox/Blueprints/BP_LevelWin.BP_LevelWin_C NativeClass:/Script/Engine.Actor Name:BP_LevelWin_C_UAID_7C10C9431B66E7EE01_1972063143 Label:BP_LevelWin SpatiallyLoaded:1 Bounds:IsValid=true, Min=(X=-1273.221 Y=-3582.933 Z=1407.741), Max=(X=-784.776 Y=-3171.338 Z=2539.746) RuntimeGrid:None EditorOnly:0 RuntimeOnly:0 HLODRelevant:0 ListedInSceneOutliner:1 IsMainWorldOnly:0
 |   |   |- [+] [ 20]
 |   |   |   |- Guid:F5634AD44848E43692640B854E62CBA8 BaseClass: NativeClass:/Script/Engine.StaticMeshActor Name:StaticMeshActor_UAID_7C10C9431B66E2EE01_1561834269 Label:SM_Cube18 SpatiallyLoaded:1 Bounds:IsValid=true, Min=(X=490.000 Y=-5970.005 Z=0.000), Max=(X=590.000 Y=-2970.005 Z=3000.000) RuntimeGrid:None EditorOnly:0 RuntimeOnly:0 HLODRelevant:1 ListedInSceneOutliner:1 IsMainWorldOnly:0 FolderPath:Level FolderGuid:D1A9EAE64E998BA468F788B16C6D78B0
 |- ContainerInstances:
 |- [+] MainContainer:
 |   |-        ID: 00000000000000000000000000000000
 |   |-  ParentID: 00000000000000000000000000000000
 |   |-    Bounds: IsValid=false, Min=(X=0.000 Y=0.000 Z=0.000), Max=(X=0.000 Y=0.000 Z=0.000)
 |   |- Transform: 0.000000,0.000000,0.000000|0.000000,0.000000,-0.000000|1.000000,1.000000,1.000000
 |   |- Container: /Game/AnomalyBox/Levels/Level2
----------------------------------------------------------------------------------------------------------------
Level2 - Persistent Level
----------------------------------------------------------------------------------------------------------------
[+] Content of Level2 Persistent Level
 |- Always loaded Actor Count: 28 
 |- Actor Path: /Game/AnomalyBox/Levels/Level2.Level2:PersistentLevel.AbstractNavData-Default
 |- Actor Package: /Game/AnomalyBox/Levels/Level2
 |- Actor Path: /Game/AnomalyBox/Levels/Level2.Level2:PersistentLevel.BP_LevelWin_C_UAID_7C10C9431B66E7EE01_1972063143
 |- Actor Package: /Game/__ExternalActors__/AnomalyBox/Levels/Level2/9/Y5/V5H5CQTPMMFTBQPO7H46KJ
 |- Actor Path: /Game/AnomalyBox/Levels/Level2.Level2:PersistentLevel.BP_Portal_C_UAID_7C10C9431B66E2EE01_1962977273
 |- Actor Package: /Game/__ExternalActors__/AnomalyBox/Levels/Level2/D/VY/SHMZTWZA83WVBOTEMZTDPR
 |- Actor Path: /Game/AnomalyBox/Levels/Level2.Level2:PersistentLevel.BP_PortalVisual_C_UAID_7C10C9431B66E6EE01_1404186983
 |- Actor Package: /Game/__ExternalActors__/AnomalyBox/Levels/Level2/8/4N/2H9I6ZWQCWAUQVRPY3K7YA
 |- Actor Path: /Game/AnomalyBox/Levels/Level2.Level2:PersistentLevel.BP_PortalVisual_C_UAID_7C10C9431B66E6EE01_1526966984
 |- Actor Package: /Game/__ExternalActors__/AnomalyBox/Levels/Level2/6/OX/MGWTEBFZK8NJIOQHDLRD7Z
 |- Actor Path: /Game/AnomalyBox/Levels/Level2.Level2:PersistentLevel.Brush_0
 |- Actor Package: /Game/AnomalyBox/Levels/Level2
 |- Actor Path: /Game/AnomalyBox/Levels/Level2.Level2:PersistentLevel.DefaultPhysicsVolume_0
 |- Actor Package: /Game/AnomalyBox/Levels/Level2
 |- Actor Path: /Game/AnomalyBox/Levels/Level2.Level2:PersistentLevel.DirectionalLight_0
 |- Actor Package: /Game/__ExternalActors__/AnomalyBox/Levels/Level2/D/QH/LSLLR6X4YSEV9ULP5SLBRX
 |- Actor Path: /Game/AnomalyBox/Levels/Level2.Level2:PersistentLevel.ExponentialHeightFog_0
 |- Actor Package: /Game/__ExternalActors__/AnomalyBox/Levels/Level2/2/Y5/S2QKSHLCBTAK6Q2DZVBSE1
 |- Actor Path: /Game/AnomalyBox/Levels/Level2.Level2:PersistentLevel.GameplayDebuggerPlayerManager_0
 |- Actor Package: /Game/AnomalyBox/Levels/Level2
 |- Actor Path: /Game/AnomalyBox/Levels/Level2.Level2:PersistentLevel.Level2_C_1
 |- Actor Package: /Game/AnomalyBox/Levels/Level2
 |- Actor Path: /Game/AnomalyBox/Levels/Level2.Level2:PersistentLevel.PlayerStart_0
 |- Actor Package: /Game/__ExternalActors__/AnomalyBox/Levels/Level2/6/IP/OWUOUHTMVUT4EXK3Z5PKUK
 |- Actor Path: /Game/AnomalyBox/Levels/Level2.Level2:PersistentLevel.PointLight_UAID_7C10C9431B66E2EE01_1776317272
 |- Actor Package: /Game/__ExternalActors__/AnomalyBox/Levels/Level2/5/QE/90USIGIEK3ELDAC2AEOYF6
 |- Actor Path: /Game/AnomalyBox/Levels/Level2.Level2:PersistentLevel.PostProcessVolume_0
 |- Actor Package: /Game/__ExternalActors__/AnomalyBox/Levels/Level2/0/3L/CWKFPEH1Q6N1DXKY4VD7V2
 |- Actor Path: /Game/AnomalyBox/Levels/Level2.Level2:PersistentLevel.SkyAtmosphere_0
 |- Actor Package: /Game/__ExternalActors__/AnomalyBox/Levels/Level2/9/O5/F1B02FEN7ER7GF5A3CH9AK
 |- Actor Path: /Game/AnomalyBox/Levels/Level2.Level2:PersistentLevel.SkyLight_1
 |- Actor Package: /Game/__ExternalActors__/AnomalyBox/Levels/Level2/6/X6/UBSI05N2WLH55NT5ZSFEIM
 |- Actor Path: /Game/AnomalyBox/Levels/Level2.Level2:PersistentLevel.StaticMeshActor_UAID_7C10C9431B66E2EE01_1296921264
 |- Actor Package: /Game/__ExternalActors__/AnomalyBox/Levels/Level2/5/42/X6PQX4AIBAMP27IWO6Q640
 |- Actor Path: /Game/AnomalyBox/Levels/Level2.Level2:PersistentLevel.StaticMeshActor_UAID_7C10C9431B66E2EE01_1481421266
 |- Actor Package: /Game/__ExternalActors__/AnomalyBox/Levels/Level2/4/A6/0WT1C7905SN7NWFRP01BNY
 |- Actor Path: /Game/AnomalyBox/Levels/Level2.Level2:PersistentLevel.StaticMeshActor_UAID_7C10C9431B66E2EE01_1506960267
 |- Actor Package: /Game/__ExternalActors__/AnomalyBox/Levels/Level2/4/O4/B8JE0RHVQF5PX1ZFWNEUMC
 |- Actor Path: /Game/AnomalyBox/Levels/Level2.Level2:PersistentLevel.StaticMeshActor_UAID_7C10C9431B66E2EE01_1561833268
 |- Actor Package: /Game/__ExternalActors__/AnomalyBox/Levels/Level2/4/Z3/LNSNOABXONQ09SRKQGKUG2
 |- Actor Path: /Game/AnomalyBox/Levels/Level2.Level2:PersistentLevel.StaticMeshActor_UAID_7C10C9431B66E2EE01_1561834269
 |- Actor Package: /Game/__ExternalActors__/AnomalyBox/Levels/Level2/3/OZ/UGLHCIDHKQ7AMUHXVJ7AY5
 |- Actor Path: /Game/AnomalyBox/Levels/Level2.Level2:PersistentLevel.StaticMeshActor_UAID_7C10C9431B66E2EE01_1674392270
 |- Actor Package: /Game/__ExternalActors__/AnomalyBox/Levels/Level2/A/J7/EDH601QEZXEV3X74CNEAFG
 |- Actor Path: /Game/AnomalyBox/Levels/Level2.Level2:PersistentLevel.StaticMeshActor_UAID_7C10C9431B66E3EE01_1670997450
 |- Actor Package: /Game/__ExternalActors__/AnomalyBox/Levels/Level2/5/SD/6DKJR44WDWWSNUWKUDTAMW
 |- Actor Path: /Game/AnomalyBox/Levels/Level2.Level2:PersistentLevel.StaticMeshActor_UAID_7C10C9431B68ECEE01_1701207024
 |- Actor Package: /Game/__ExternalActors__/AnomalyBox/Levels/Level2/7/B1/FMAYGF9VJX8G11QM6QZJUV
 |- Actor Path: /Game/AnomalyBox/Levels/Level2.Level2:PersistentLevel.VolumetricCloud_0
 |- Actor Package: /Game/__ExternalActors__/AnomalyBox/Levels/Level2/5/US/LQQR905I77KZGLS9J336C3
 |- Actor Path: /Game/AnomalyBox/Levels/Level2.Level2:PersistentLevel.WorldDataLayers
 |- Actor Package: /Game/__ExternalActors__/AnomalyBox/Levels/Level2/B/1E/CCHPUSPBHTTAAUX6LY7WE2
 |- Actor Path: /Game/AnomalyBox/Levels/Level2.Level2:PersistentLevel.WorldInfo_0
 |- Actor Package: /Game/AnomalyBox/Levels/Level2
 |- Actor Path: /Game/AnomalyBox/Levels/Level2.Level2:PersistentLevel.WorldPartitionMiniMap_0
 |- Actor Package: /Game/__ExternalActors__/AnomalyBox/Levels/Level2/E/YT/CRDINCZ03WPRD58LDIT24K

----------------------------------------------------------------------------------------------------------------
Level2 - Runtime Spatial Hash - Streaming Grid - MainGrid
----------------------------------------------------------------------------------------------------------------
            Origin: X=0.000 Y=0.000 Z=0.000
         Cell Size: 12800
      World Bounds: IsValid=false, Min=(X=0.000 Y=0.000 Z=0.000), Max=(X=0.000 Y=0.000 Z=0.000)
     Loading Range: 25600.00
Block Slow Loading: No
 ClientOnlyVisible: No
            Origin: X=0.000 Y=0.000 Z=0.000

[+] Grid Levels: 1
 |- Level  0: Cell Count    0 | Cell Size   12800 | Actor Count    0 (0.0%)

[+] Content of Grid Level 0

